C:\USERS\NANDO\DOCUMENTS\VISUAL STUDIO 2012\PROJECTS\PROGETTO_NEW\RELEASE\TXT_FILE.OBJ
C:\USERS\NANDO\DOCUMENTS\VISUAL STUDIO 2012\PROJECTS\PROGETTO_NEW\RELEASE\DEFS.OBJ
C:\USERS\NANDO\DOCUMENTS\VISUAL STUDIO 2012\PROJECTS\PROGETTO_NEW\RELEASE\PARAMETERS.OBJ
C:\USERS\NANDO\DOCUMENTS\VISUAL STUDIO 2012\PROJECTS\PROGETTO_NEW\RELEASE\MAIN.OBJ
C:\USERS\NANDO\DOCUMENTS\VISUAL STUDIO 2012\PROJECTS\PROGETTO_NEW\RELEASE\INPUT_VALIDATE.OBJ
C:\USERS\NANDO\DOCUMENTS\VISUAL STUDIO 2012\PROJECTS\PROGETTO_NEW\RELEASE\GET_LINE.OBJ
C:\USERS\NANDO\DOCUMENTS\VISUAL STUDIO 2012\PROJECTS\PROGETTO_NEW\RELEASE\ERROR.OBJ
C:\USERS\NANDO\DOCUMENTS\VISUAL STUDIO 2012\PROJECTS\PROGETTO_NEW\RELEASE\CONFIG_FILE.OBJ
C:\USERS\NANDO\DOCUMENTS\VISUAL STUDIO 2012\PROJECTS\PROGETTO_NEW\RELEASE\VC110.PDB
C:\USERS\NANDO\DOCUMENTS\VISUAL STUDIO 2012\PROJECTS\PROGETTO_NEW\RELEASE\TESI.EXE
C:\USERS\NANDO\DOCUMENTS\VISUAL STUDIO 2012\PROJECTS\PROGETTO_NEW\RELEASE\TESI.PDB
C:\Users\Nando\Documents\Visual Studio 2012\Projects\Progetto_new\Release\config_file.obj
C:\Users\Nando\Documents\Visual Studio 2012\Projects\Progetto_new\Release\defs.obj
C:\Users\Nando\Documents\Visual Studio 2012\Projects\Progetto_new\Release\error.obj
C:\Users\Nando\Documents\Visual Studio 2012\Projects\Progetto_new\Release\get_line.obj
C:\Users\Nando\Documents\Visual Studio 2012\Projects\Progetto_new\Release\input_validate.obj
C:\Users\Nando\Documents\Visual Studio 2012\Projects\Progetto_new\Release\main.obj
C:\Users\Nando\Documents\Visual Studio 2012\Projects\Progetto_new\Release\parameters.obj
C:\Users\Nando\Documents\Visual Studio 2012\Projects\Progetto_new\Release\txt_file.obj
C:\Users\Nando\Documents\Visual Studio 2012\Projects\Progetto_new\Release\cl.command.1.tlog
C:\Users\Nando\Documents\Visual Studio 2012\Projects\Progetto_new\Release\CL.read.1.tlog
C:\Users\Nando\Documents\Visual Studio 2012\Projects\Progetto_new\Release\CL.write.1.tlog
C:\Users\Nando\Documents\Visual Studio 2012\Projects\Progetto_new\Release\link-cvtres.read.1.tlog
C:\Users\Nando\Documents\Visual Studio 2012\Projects\Progetto_new\Release\link-cvtres.write.1.tlog
C:\Users\Nando\Documents\Visual Studio 2012\Projects\Progetto_new\Release\link-rc.read.1.tlog
C:\Users\Nando\Documents\Visual Studio 2012\Projects\Progetto_new\Release\link-rc.write.1.tlog
C:\Users\Nando\Documents\Visual Studio 2012\Projects\Progetto_new\Release\link.command.1.tlog
C:\Users\Nando\Documents\Visual Studio 2012\Projects\Progetto_new\Release\link.read.1.tlog
C:\Users\Nando\Documents\Visual Studio 2012\Projects\Progetto_new\Release\link.write.1.tlog
C:\Users\Nando\Documents\Visual Studio 2012\Projects\Progetto_new\Release\Tesi.pdb
C:\Users\Nando\Documents\Visual Studio 2012\Projects\Progetto_new\Release\vc110.pdb
C:\Users\Nando\Documents\Visual Studio 2012\Projects\Progetto_new\Release\Tesi.exe
